d:\university\3_course\oop\repo\8382\mironchik_pavel\lr3\debug\vc141.pdb
d:\university\3_course\oop\repo\8382\mironchik_pavel\lr3\debug\vc141.idb
d:\university\3_course\oop\repo\8382\mironchik_pavel\lr3\debug\shapedrawer.obj
d:\university\3_course\oop\repo\8382\mironchik_pavel\lr3\debug\healthdrawer.obj
d:\university\3_course\oop\repo\8382\mironchik_pavel\lr3\debug\boardview.obj
d:\university\3_course\oop\repo\8382\mironchik_pavel\lr3\debug\unit.obj
d:\university\3_course\oop\repo\8382\mironchik_pavel\lr3\debug\terraineffect.obj
d:\university\3_course\oop\repo\8382\mironchik_pavel\lr3\debug\seaterrain.obj
d:\university\3_course\oop\repo\8382\mironchik_pavel\lr3\debug\lavaterrain.obj
d:\university\3_course\oop\repo\8382\mironchik_pavel\lr3\debug\terrain.obj
d:\university\3_course\oop\repo\8382\mironchik_pavel\lr3\debug\gameobject.obj
d:\university\3_course\oop\repo\8382\mironchik_pavel\lr3\debug\gameboard.obj
d:\university\3_course\oop\repo\8382\mironchik_pavel\lr3\debug\relativepositioned.obj
d:\university\3_course\oop\repo\8382\mironchik_pavel\lr3\debug\info.obj
d:\university\3_course\oop\repo\8382\mironchik_pavel\lr3\debug\home.obj
d:\university\3_course\oop\repo\8382\mironchik_pavel\lr3\debug\neutraleffect.obj
d:\university\3_course\oop\repo\8382\mironchik_pavel\lr3\debug\neutral.obj
d:\university\3_course\oop\repo\8382\mironchik_pavel\lr3\debug\gameobjectsset.obj
d:\university\3_course\oop\repo\8382\mironchik_pavel\lr3\debug\gamecontroller.obj
d:\university\3_course\oop\repo\8382\mironchik_pavel\lr3\debug\effect.obj
d:\university\3_course\oop\repo\8382\mironchik_pavel\lr3\debug\cell.obj
d:\university\3_course\oop\repo\8382\mironchik_pavel\lr3\debug\attachable.obj
d:\university\3_course\oop\repo\8382\mironchik_pavel\lr3\debug\textures.obj
d:\university\3_course\oop\repo\8382\mironchik_pavel\lr3\debug\pathsearcher.obj
d:\university\3_course\oop\repo\8382\mironchik_pavel\lr3\debug\mousetracker.obj
d:\university\3_course\oop\repo\8382\mironchik_pavel\lr3\debug\list.obj
d:\university\3_course\oop\repo\8382\mironchik_pavel\lr3\debug\main.obj
d:\university\3_course\oop\repo\8382\mironchik_pavel\lr3\debug\celldrawer.obj
d:\university\3_course\oop\repo\8382\mironchik_pavel\lr3\debug\viewport.obj
d:\university\3_course\oop\repo\8382\mironchik_pavel\lr3\debug\griddrawer.obj
d:\university\3_course\oop\repo\8382\mironchik_pavel\lr3\debug\simplegame.ilk
d:\university\3_course\oop\repo\8382\mironchik_pavel\lr3\debug\simplegame.exe
d:\university\3_course\oop\repo\8382\mironchik_pavel\lr3\debug\simplegame.pdb
d:\university\3_course\oop\repo\8382\mironchik_pavel\lr3\debug\simplegame.tlog\cl.command.1.tlog
d:\university\3_course\oop\repo\8382\mironchik_pavel\lr3\debug\simplegame.tlog\cl.read.1.tlog
d:\university\3_course\oop\repo\8382\mironchik_pavel\lr3\debug\simplegame.tlog\cl.write.1.tlog
d:\university\3_course\oop\repo\8382\mironchik_pavel\lr3\debug\simplegame.tlog\link.command.1.tlog
d:\university\3_course\oop\repo\8382\mironchik_pavel\lr3\debug\simplegame.tlog\link.read.1.tlog
d:\university\3_course\oop\repo\8382\mironchik_pavel\lr3\debug\simplegame.tlog\link.write.1.tlog
